This is pdfTeX, Version 3.14159265-2.6-1.40.18 (TeX Live 2017/Debian) (preloaded format=pdflatex 2020.1.8)  11 JAN 2020 14:28
entering extended mode
 restricted \write18 enabled.
 %&-line parsing enabled.
**R1.tex
(./R1.tex
LaTeX2e <2017-04-15>
Babel <3.18> and hyphenation patterns for 5 language(s) loaded.
(/usr/share/texlive/texmf-dist/tex/latex/base/report.cls
Document Class: report 2014/09/29 v1.4h Standard LaTeX document class
(/usr/share/texlive/texmf-dist/tex/latex/base/size12.clo
File: size12.clo 2014/09/29 v1.4h Standard LaTeX file (size option)
)
\c@part=\count79
\c@chapter=\count80
\c@section=\count81
\c@subsection=\count82
\c@subsubsection=\count83
\c@paragraph=\count84
\c@subparagraph=\count85
\c@figure=\count86
\c@table=\count87
\abovecaptionskip=\skip41
\belowcaptionskip=\skip42
\bibindent=\dimen102
)
(/usr/share/texlive/texmf-dist/tex/latex/sectsty/sectsty.sty
Package: sectsty 2002/02/25 v2.0.2 Commands to change all sectional heading sty
les
)
(/usr/share/texlive/texmf-dist/tex/latex/graphics/graphicx.sty
Package: graphicx 2017/06/01 v1.1a Enhanced LaTeX Graphics (DPC,SPQR)

(/usr/share/texlive/texmf-dist/tex/latex/graphics/keyval.sty
Package: keyval 2014/10/28 v1.15 key=value parser (DPC)
\KV@toks@=\toks14
)
(/usr/share/texlive/texmf-dist/tex/latex/graphics/graphics.sty
Package: graphics 2017/06/25 v1.2c Standard LaTeX Graphics (DPC,SPQR)

(/usr/share/texlive/texmf-dist/tex/latex/graphics/trig.sty
Package: trig 2016/01/03 v1.10 sin cos tan (DPC)
)
(/usr/share/texlive/texmf-dist/tex/latex/graphics-cfg/graphics.cfg
File: graphics.cfg 2016/06/04 v1.11 sample graphics configuration
)
Package graphics Info: Driver file: pdftex.def on input line 99.

(/usr/share/texlive/texmf-dist/tex/latex/graphics-def/pdftex.def
File: pdftex.def 2018/01/08 v1.0l Graphics/color driver for pdftex
))
\Gin@req@height=\dimen103
\Gin@req@width=\dimen104
)
(/usr/share/texlive/texmf-dist/tex/latex/float/float.sty
Package: float 2001/11/08 v1.3d Float enhancements (AL)
\c@float@type=\count88
\float@exts=\toks15
\float@box=\box26
\@float@everytoks=\toks16
\@floatcapt=\box27
)
(/usr/share/texlive/texmf-dist/tex/latex/enumitem/enumitem.sty
Package: enumitem 2011/09/28 v3.5.2 Customized lists
\labelindent=\skip43
\enit@outerparindent=\dimen105
\enit@toks=\toks17
\enit@inbox=\box28
\enitdp@description=\count89
)
(/usr/share/texlive/texmf-dist/tex/latex/tools/multicol.sty
Package: multicol 2017/04/11 v1.8q multicolumn formatting (FMi)
\c@tracingmulticols=\count90
\mult@box=\box29
\multicol@leftmargin=\dimen106
\c@unbalance=\count91
\c@collectmore=\count92
\doublecol@number=\count93
\multicoltolerance=\count94
\multicolpretolerance=\count95
\full@width=\dimen107
\page@free=\dimen108
\premulticols=\dimen109
\postmulticols=\dimen110
\multicolsep=\skip44
\multicolbaselineskip=\skip45
\partial@page=\box30
\last@line=\box31
\maxbalancingoverflow=\dimen111
\mult@rightbox=\box32
\mult@grightbox=\box33
\mult@gfirstbox=\box34
\mult@firstbox=\box35
\@tempa=\box36
\@tempa=\box37
\@tempa=\box38
\@tempa=\box39
\@tempa=\box40
\@tempa=\box41
\@tempa=\box42
\@tempa=\box43
\@tempa=\box44
\@tempa=\box45
\@tempa=\box46
\@tempa=\box47
\@tempa=\box48
\@tempa=\box49
\@tempa=\box50
\@tempa=\box51
\@tempa=\box52
\c@columnbadness=\count96
\c@finalcolumnbadness=\count97
\last@try=\dimen112
\multicolovershoot=\dimen113
\multicolundershoot=\dimen114
\mult@nat@firstbox=\box53
\colbreak@box=\box54
\mc@col@check@num=\count98
) (./R1.aux)
\openout1 = `R1.aux'.

LaTeX Font Info:    Checking defaults for OML/cmm/m/it on input line 13.
LaTeX Font Info:    ... okay on input line 13.
LaTeX Font Info:    Checking defaults for T1/cmr/m/n on input line 13.
LaTeX Font Info:    ... okay on input line 13.
LaTeX Font Info:    Checking defaults for OT1/cmr/m/n on input line 13.
LaTeX Font Info:    ... okay on input line 13.
LaTeX Font Info:    Checking defaults for OMS/cmsy/m/n on input line 13.
LaTeX Font Info:    ... okay on input line 13.
LaTeX Font Info:    Checking defaults for OMX/cmex/m/n on input line 13.
LaTeX Font Info:    ... okay on input line 13.
LaTeX Font Info:    Checking defaults for U/cmr/m/n on input line 13.
LaTeX Font Info:    ... okay on input line 13.

(/usr/share/texlive/texmf-dist/tex/context/base/mkii/supp-pdf.mkii
[Loading MPS to PDF converter (version 2006.09.02).]
\scratchcounter=\count99
\scratchdimen=\dimen115
\scratchbox=\box55
\nofMPsegments=\count100
\nofMParguments=\count101
\everyMPshowfont=\toks18
\MPscratchCnt=\count102
\MPscratchDim=\dimen116
\MPnumerator=\count103
\makeMPintoPDFobject=\count104
\everyMPtoPDFconversion=\toks19
) (/usr/share/texlive/texmf-dist/tex/latex/oberdiek/epstopdf-base.sty
Package: epstopdf-base 2016/05/15 v2.6 Base part for package epstopdf

(/usr/share/texlive/texmf-dist/tex/generic/oberdiek/infwarerr.sty
Package: infwarerr 2016/05/16 v1.4 Providing info/warning/error messages (HO)
)
(/usr/share/texlive/texmf-dist/tex/latex/oberdiek/grfext.sty
Package: grfext 2016/05/16 v1.2 Manage graphics extensions (HO)

(/usr/share/texlive/texmf-dist/tex/generic/oberdiek/kvdefinekeys.sty
Package: kvdefinekeys 2016/05/16 v1.4 Define keys (HO)

(/usr/share/texlive/texmf-dist/tex/generic/oberdiek/ltxcmds.sty
Package: ltxcmds 2016/05/16 v1.23 LaTeX kernel commands for general use (HO)
)))
(/usr/share/texlive/texmf-dist/tex/latex/oberdiek/kvoptions.sty
Package: kvoptions 2016/05/16 v3.12 Key value format for package options (HO)

(/usr/share/texlive/texmf-dist/tex/generic/oberdiek/kvsetkeys.sty
Package: kvsetkeys 2016/05/16 v1.17 Key value parser (HO)

(/usr/share/texlive/texmf-dist/tex/generic/oberdiek/etexcmds.sty
Package: etexcmds 2016/05/16 v1.6 Avoid name clashes with e-TeX commands (HO)

(/usr/share/texlive/texmf-dist/tex/generic/oberdiek/ifluatex.sty
Package: ifluatex 2016/05/16 v1.4 Provides the ifluatex switch (HO)
Package ifluatex Info: LuaTeX not detected.
)
Package etexcmds Info: Could not find \expanded.
(etexcmds)             That can mean that you are not using pdfTeX 1.50 or
(etexcmds)             that some package has redefined \expanded.
(etexcmds)             In the latter case, load this package earlier.
)))
(/usr/share/texlive/texmf-dist/tex/generic/oberdiek/pdftexcmds.sty
Package: pdftexcmds 2018/01/21 v0.26 Utility functions of pdfTeX for LuaTeX (HO
)

(/usr/share/texlive/texmf-dist/tex/generic/oberdiek/ifpdf.sty
Package: ifpdf 2017/03/15 v3.2 Provides the ifpdf switch
)
Package pdftexcmds Info: LuaTeX not detected.
Package pdftexcmds Info: \pdf@primitive is available.
Package pdftexcmds Info: \pdf@ifprimitive is available.
Package pdftexcmds Info: \pdfdraftmode found.
)
Package epstopdf-base Info: Redefining graphics rule for `.eps' on input line 4
38.
Package grfext Info: Graphics extension search list:
(grfext)             [.pdf,.png,.jpg,.mps,.jpeg,.jbig2,.jb2,.PDF,.PNG,.JPG,.JPE
G,.JBIG2,.JB2,.eps]
(grfext)             \AppendGraphicsExtensions on input line 456.

(/usr/share/texlive/texmf-dist/tex/latex/latexconfig/epstopdf-sys.cfg
File: epstopdf-sys.cfg 2010/07/13 v1.3 Configuration of (r)epstopdf for TeX Liv
e
))
LaTeX Font Info:    External font `cmex10' loaded for size
(Font)              <14.4> on input line 18.
LaTeX Font Info:    External font `cmex10' loaded for size
(Font)              <7> on input line 18.

[1

{/var/lib/texmf/fonts/map/pdftex/updmap/pdftex.map}]
Chapter 1.
<index.jpeg, id=8, 276.03125pt x 183.68625pt>
File: index.jpeg Graphic file (type jpg)
<use index.jpeg>
Package pdftex.def Info: index.jpeg  used on input line 29.
(pdftex.def)             Requested size: 276.03056pt x 183.68578pt.

Overfull \hbox (86.03056pt too wide) in paragraph at lines 29--30
 [][] 
 []

File: index.jpeg Graphic file (type jpg)
<use index.jpeg>
Package pdftex.def Info: index.jpeg  used on input line 41.
(pdftex.def)             Requested size: 276.03056pt x 183.68578pt.

Overfull \hbox (86.03056pt too wide) in paragraph at lines 41--42
 [][] 
 []

[1 <./index.jpeg>]
Underfull \hbox (badness 10000) in paragraph at lines 46--47
\OT1/cmr/m/n/12 in La-tex-Doc-u-ment in La-
 []


Underfull \hbox (badness 5862) in paragraph at lines 46--47
\OT1/cmr/m/n/12 tex.Document in La-tex.Document
 []

LaTeX Font Info:    External font `cmex10' loaded for size
(Font)              <12> on input line 52.
LaTeX Font Info:    External font `cmex10' loaded for size
(Font)              <8> on input line 52.
LaTeX Font Info:    External font `cmex10' loaded for size
(Font)              <6> on input line 52.
LaTeX Font Info:    Try loading font information for OMS+cmr on input line 66.
(/usr/share/texlive/texmf-dist/tex/latex/base/omscmr.fd
File: omscmr.fd 2014/09/29 v2.5h Standard LaTeX font definitions
)
LaTeX Font Info:    Font shape `OMS/cmr/m/n' in size <12> not available
(Font)              Font shape `OMS/cmsy/m/n' tried instead on input line 66.
 [2]
Chapter 2.

LaTeX Warning: Reference `fig1' on page 3 undefined on input line 84.

<Summer_Flowers_Lotus.jpg, id=17, 401.5pt x 340.27126pt>
File: Summer_Flowers_Lotus.jpg Graphic file (type jpg)
<use Summer_Flowers_Lotus.jpg>
Package pdftex.def Info: Summer_Flowers_Lotus.jpg  used on input line 87.
(pdftex.def)             Requested size: 100.37474pt x 85.0676pt.

Package multicol Warning: Floats and marginpars not allowed inside `multicols' 
environment!.


Package multicol Warning: Floats and marginpars not allowed inside `multicols' 
environment!.


Underfull \hbox (badness 10000) in paragraph at lines 92--93
[]\OT1/cmr/m/n/12 Prepared on jan-uary 10th
 []


Underfull \hbox (badness 10000) in paragraph at lines 92--93
\OT1/cmr/m/n/12 2020.Pre-pared on jan-uary 10th
 []


Underfull \hbox (badness 10000) in paragraph at lines 92--93
\OT1/cmr/m/n/12 2020.Pre-pared on jan-uary 10th
 []


Underfull \hbox (badness 10000) in paragraph at lines 92--93
\OT1/cmr/m/n/12 2020.Pre-pared on jan-uary 10th
 []


Underfull \hbox (badness 10000) in paragraph at lines 92--93
\OT1/cmr/m/n/12 2020.Pre-pared on jan-uary 10th
 []


Underfull \hbox (badness 10000) in paragraph at lines 92--93
\OT1/cmr/m/n/12 2020.Pre-pared on jan-uary 10th
 []


Underfull \hbox (badness 10000) in paragraph at lines 92--93
\OT1/cmr/m/n/12 2020.Pre-pared on jan-uary 10th
 []


Underfull \hbox (badness 10000) in paragraph at lines 92--93
\OT1/cmr/m/n/12 2020.Pre-pared on jan-uary 10th
 []

[3] (./R1.aux)

LaTeX Warning: There were undefined references.

 ) 
Here is how much of TeX's memory you used:
 2053 strings out of 494880
 30144 string characters out of 6179602
 88154 words of memory out of 5000000
 5363 multiletter control sequences out of 15000+600000
 10774 words of font info for 37 fonts, out of 8000000 for 9000
 36 hyphenation exceptions out of 8191
 41i,7n,25p,581b,332s stack positions out of 5000i,500n,10000p,200000b,80000s
</usr/share/texlive/texmf-dist/fonts/type1/public/amsfonts/cm/cmbx12.pfb></us
r/share/texlive/texmf-dist/fonts/type1/public/amsfonts/cm/cmbxti10.pfb></usr/sh
are/texlive/texmf-dist/fonts/type1/public/amsfonts/cm/cmr12.pfb></usr/share/tex
live/texmf-dist/fonts/type1/public/amsfonts/cm/cmsy10.pfb></usr/share/texlive/t
exmf-dist/fonts/type1/public/amsfonts/cm/cmti12.pfb>
Output written on R1.pdf (4 pages, 67262 bytes).
PDF statistics:
 39 PDF objects out of 1000 (max. 8388607)
 25 compressed objects within 1 object stream
 0 named destinations out of 1000 (max. 500000)
 11 words of extra memory for PDF output out of 10000 (max. 10000000)

